0 info it worked if it ends with ok
1 verbose cli [ '/usr/local/bin/node', '/usr/local/bin/npm', 'run', 'db' ]
2 info using npm@3.10.9
3 info using node@v7.2.0
4 verbose run-script [ 'predb', 'db', 'postdb' ]
5 info lifecycle mp@0.0.0~predb: mp@0.0.0
6 silly lifecycle mp@0.0.0~predb: no script for predb, continuing
7 info lifecycle mp@0.0.0~db: mp@0.0.0
8 verbose lifecycle mp@0.0.0~db: unsafe-perm in lifecycle true
9 verbose lifecycle mp@0.0.0~db: PATH: /usr/local/lib/node_modules/npm/bin/node-gyp-bin:/home/suse/miya/mp/node_modules/.bin:/home/suse/bin:/usr/local/bin:/usr/bin:/bin:/usr/games
10 verbose lifecycle mp@0.0.0~db: CWD: /home/suse/miya/mp
11 silly lifecycle mp@0.0.0~db: Args: [ '-c', 'mongodb --dbpath ./db' ]
12 info lifecycle mp@0.0.0~db: Failed to exec db script
13 verbose stack Error: mp@0.0.0 db: `mongodb --dbpath ./db`
13 verbose stack spawn ENOENT
13 verbose stack     at ChildProcess.<anonymous> (/usr/local/lib/node_modules/npm/lib/utils/spawn.js:33:16)
13 verbose stack     at emitTwo (events.js:106:13)
13 verbose stack     at ChildProcess.emit (events.js:191:7)
13 verbose stack     at maybeClose (internal/child_process.js:885:16)
13 verbose stack     at Process.ChildProcess._handle.onexit (internal/child_process.js:226:5)
14 verbose pkgid mp@0.0.0
15 verbose cwd /home/suse/miya/mp
16 error Linux 4.8.10-1-default
17 error argv "/usr/local/bin/node" "/usr/local/bin/npm" "run" "db"
18 error node v7.2.0
19 error npm  v3.10.9
20 error file sh
21 error code ELIFECYCLE
22 error errno ENOENT
23 error syscall spawn
24 error mp@0.0.0 db: `mongodb --dbpath ./db`
24 error spawn ENOENT
25 error Failed at the mp@0.0.0 db script 'mongodb --dbpath ./db'.
25 error Make sure you have the latest version of node.js and npm installed.
25 error If you do, this is most likely a problem with the mp package,
25 error not with npm itself.
25 error Tell the author that this fails on your system:
25 error     mongodb --dbpath ./db
25 error You can get information on how to open an issue for this project with:
25 error     npm bugs mp
25 error Or if that isn't available, you can get their info via:
25 error     npm owner ls mp
25 error There is likely additional logging output above.
26 verbose exit [ 1, true ]
